<?xml version="1.0" encoding="UTF-8"?>
<!-- Generated by org.testng.reporters.JUnitReportReporter -->
<testsuite hostname="win2019" failures="0" tests="1" name="com.LocatorsDemo.ClassNameLoc" time="16.997" errors="0" timestamp="2024-08-21T21:20:52 PDT" skipped="0">
  <testcase classname="com.LocatorsDemo.ClassNameLoc" name="CkDis" time="16.997"/>
  <system-out/>
</testsuite> <!-- com.LocatorsDemo.ClassNameLoc -->
