<?xml version="1.0" encoding="UTF-8"?>
<!-- Generated by org.testng.reporters.JUnitReportReporter -->
<testsuite hostname="win2019" failures="0" tests="1" name="com.LocatorsDemo.SameClsMultipleElements" time="13.456" errors="0" timestamp="2024-08-21T21:38:51 PDT" skipped="0">
  <testcase classname="com.LocatorsDemo.SameClsMultipleElements" name="clsdemo" time="13.456"/>
  <system-out/>
</testsuite> <!-- com.LocatorsDemo.SameClsMultipleElements -->
