<?xml version="1.0" encoding="UTF-8"?>
<!-- Generated by org.testng.reporters.JUnitReportReporter -->
<testsuite hostname="win2019" failures="0" tests="3" name="com.LocatorsDemo.IDTestDemo" time="26.181" errors="0" timestamp="2024-08-21T02:29:31 PDT" skipped="0">
  <testcase classname="com.LocatorsDemo.IDTestDemo" name="ExampleID" time="10.303"/>
  <system-out/>
  <testcase classname="com.LocatorsDemo.IDTestDemo" name="WebElementsEnabled" time="7.817"/>
  <system-out/>
  <testcase classname="com.LocatorsDemo.IDTestDemo" name="WebElementsSelected" time="8.061"/>
  <system-out/>
</testsuite> <!-- com.LocatorsDemo.IDTestDemo -->
