<?xml version="1.0" encoding="UTF-8"?>
<!-- Generated by org.testng.reporters.JUnitReportReporter -->
<testsuite hostname="win2019" failures="0" tests="1" name="com.LocatorsDemo.TagNameLocator" time="6.025" errors="0" timestamp="2024-08-21T22:06:02 PDT" skipped="0">
  <testcase classname="com.LocatorsDemo.TagNameLocator" name="tagname" time="6.025"/>
  <system-out/>
</testsuite> <!-- com.LocatorsDemo.TagNameLocator -->
